# JRE version: OpenJDK Runtime Environment Temurin-21.0.10+7 (21.0.10+7) (build 21.0.10+7-LTS)
# Java VM: OpenJDK 64-Bit Server VM Temurin-21.0.10+7 (21.0.10+7-LTS, mixed mode, sharing, tiered, compressed oops, compressed class ptrs, parallel gc, windows-amd64)
GC Precious Log:
 CardTable entry size: 512
 CPUs: 8 total, 8 available
 Memory: 6030M
 Large Page Support: Disabled
 NUMA Support: Disabled
 Compressed Oops: Enabled (32-bit)
 Alignments: Space 512K, Generation 512K, Heap 2M
 Heap Min Capacity: 100M
 Heap Initial Capacity: 100M
 Heap Max Capacity: 2G
 Pre-touch: Disabled
 Parallel Workers: 8
Heap:
 PSYoungGen      total 5120K, used 4911K [0x00000000d5580000, 0x00000000d5d00000, 0x0000000100000000)
  eden space 4096K, 95% used [0x00000000d5580000,0x00000000d594eb18,0x00000000d5980000)
  from space 1024K, 98% used [0x00000000d5b00000,0x00000000d5bfd200,0x00000000d5c00000)
  to   space 512K, 0% used [0x00000000d5c80000,0x00000000d5c80000,0x00000000d5d00000)
 ParOldGen       total 958976K, used 958657K [0x0000000080000000, 0x00000000ba880000, 0x00000000d5580000)
  object space 958976K, 99% used [0x0000000080000000,0x00000000ba8305b8,0x00000000ba880000)
 Metaspace       used 89292K, committed 91072K, reserved 1179648K
  class space    used 9245K, committed 9984K, reserved 1048576K
GC Heap History (20 events):
Event: 209.146 GC heap before
{Heap before GC invocations=1222 (full 4):
 PSYoungGen      total 6656K, used 4815K [0x00000000d5580000, 0x00000000d5e80000, 0x0000000100000000)
  eden space 4096K, 100% used [0x00000000d5580000,0x00000000d5980000,0x00000000d5980000)
  from space 2560K, 28% used [0x00000000d5a80000,0x00000000d5b33d00,0x00000000d5d00000)
  to   space 1536K, 0% used [0x00000000d5d00000,0x00000000d5d00000,0x00000000d5e80000)
 ParOldGen       total 951296K, used 950789K [0x0000000080000000, 0x00000000ba100000, 0x00000000d5580000)
  object space 951296K, 99% used [0x0000000080000000,0x00000000ba0817b0,0x00000000ba100000)
 Metaspace       used 89254K, committed 91008K, reserved 1179648K
  class space    used 9237K, committed 9984K, reserved 1048576K
}
Event: 209.149 GC heap after
{Heap after GC invocations=1222 (full 4):
 PSYoungGen      total 4608K, used 384K [0x00000000d5580000, 0x00000000d5d80000, 0x0000000100000000)
  eden space 4096K, 0% used [0x00000000d5580000,0x00000000d5580000,0x00000000d5980000)
  from space 512K, 75% used [0x00000000d5d00000,0x00000000d5d60000,0x00000000d5d80000)
  to   space 1024K, 0% used [0x00000000d5b80000,0x00000000d5b80000,0x00000000d5c80000)
 ParOldGen       total 951808K, used 951376K [0x0000000080000000, 0x00000000ba180000, 0x00000000d5580000)
  object space 951808K, 99% used [0x0000000080000000,0x00000000ba1141d0,0x00000000ba180000)
 Metaspace       used 89254K, committed 91008K, reserved 1179648K
  class space    used 9237K, committed 9984K, reserved 1048576K
}
Event: 209.643 GC heap before
{Heap before GC invocations=1223 (full 4):
 PSYoungGen      total 4608K, used 4480K [0x00000000d5580000, 0x00000000d5d80000, 0x0000000100000000)
  eden space 4096K, 100% used [0x00000000d5580000,0x00000000d5980000,0x00000000d5980000)
  from space 512K, 75% used [0x00000000d5d00000,0x00000000d5d60000,0x00000000d5d80000)
  to   space 1024K, 0% used [0x00000000d5b80000,0x00000000d5b80000,0x00000000d5c80000)
 ParOldGen       total 951808K, used 951376K [0x0000000080000000, 0x00000000ba180000, 0x00000000d5580000)
  object space 951808K, 99% used [0x0000000080000000,0x00000000ba1141d0,0x00000000ba180000)
 Metaspace       used 89260K, committed 91008K, reserved 1179648K
  class space    used 9237K, committed 9984K, reserved 1048576K
}
Event: 209.645 GC heap after
{Heap after GC invocations=1223 (full 4):
 PSYoungGen      total 5120K, used 436K [0x00000000d5580000, 0x00000000d5d80000, 0x0000000100000000)
  eden space 4096K, 0% used [0x00000000d5580000,0x00000000d5580000,0x00000000d5980000)
  from space 1024K, 42% used [0x00000000d5b80000,0x00000000d5bed200,0x00000000d5c80000)
  to   space 512K, 0% used [0x00000000d5d00000,0x00000000d5d00000,0x00000000d5d80000)
 ParOldGen       total 951808K, used 951664K [0x0000000080000000, 0x00000000ba180000, 0x00000000d5580000)
  object space 951808K, 99% used [0x0000000080000000,0x00000000ba15c1f0,0x00000000ba180000)
 Metaspace       used 89260K, committed 91008K, reserved 1179648K
  class space    used 9237K, committed 9984K, reserved 1048576K
}
Event: 209.657 GC heap before
{Heap before GC invocations=1224 (full 4):
 PSYoungGen      total 5120K, used 4532K [0x00000000d5580000, 0x00000000d5d80000, 0x0000000100000000)
  eden space 4096K, 100% used [0x00000000d5580000,0x00000000d5980000,0x00000000d5980000)
  from space 1024K, 42% used [0x00000000d5b80000,0x00000000d5bed200,0x00000000d5c80000)
  to   space 512K, 0% used [0x00000000d5d00000,0x00000000d5d00000,0x00000000d5d80000)
 ParOldGen       total 951808K, used 951664K [0x0000000080000000, 0x00000000ba180000, 0x00000000d5580000)
  object space 951808K, 99% used [0x0000000080000000,0x00000000ba15c1f0,0x00000000ba180000)
 Metaspace       used 89260K, committed 91008K, reserved 1179648K
  class space    used 9237K, committed 9984K, reserved 1048576K
}
Event: 209.661 GC heap after
{Heap after GC invocations=1224 (full 4):
 PSYoungGen      total 4608K, used 512K [0x00000000d5580000, 0x00000000d5d80000, 0x0000000100000000)
  eden space 4096K, 0% used [0x00000000d5580000,0x00000000d5580000,0x00000000d5980000)
  from space 512K, 100% used [0x00000000d5d00000,0x00000000d5d80000,0x00000000d5d80000)
  to   space 1024K, 0% used [0x00000000d5b80000,0x00000000d5b80000,0x00000000d5c80000)
 ParOldGen       total 952320K, used 952013K [0x0000000080000000, 0x00000000ba200000, 0x00000000d5580000)
  object space 952320K, 99% used [0x0000000080000000,0x00000000ba1b3718,0x00000000ba200000)
 Metaspace       used 89260K, committed 91008K, reserved 1179648K
  class space    used 9237K, committed 9984K, reserved 1048576K
}
Event: 209.689 GC heap before
{Heap before GC invocations=1225 (full 4):
 PSYoungGen      total 4608K, used 4608K [0x00000000d5580000, 0x00000000d5d80000, 0x0000000100000000)
  eden space 4096K, 100% used [0x00000000d5580000,0x00000000d5980000,0x00000000d5980000)
  from space 512K, 100% used [0x00000000d5d00000,0x00000000d5d80000,0x00000000d5d80000)
  to   space 1024K, 0% used [0x00000000d5b80000,0x00000000d5b80000,0x00000000d5c80000)
 ParOldGen       total 952320K, used 952013K [0x0000000080000000, 0x00000000ba200000, 0x00000000d5580000)
  object space 952320K, 99% used [0x0000000080000000,0x00000000ba1b3718,0x00000000ba200000)
 Metaspace       used 89271K, committed 91008K, reserved 1179648K
  class space    used 9241K, committed 9984K, reserved 1048576K
}
Event: 209.691 GC heap after
{Heap after GC invocations=1225 (full 4):
 PSYoungGen      total 5120K, used 468K [0x00000000d5580000, 0x00000000d5d80000, 0x0000000100000000)
  eden space 4096K, 0% used [0x00000000d5580000,0x00000000d5580000,0x00000000d5980000)
  from space 1024K, 45% used [0x00000000d5b80000,0x00000000d5bf5200,0x00000000d5c80000)
  to   space 1024K, 0% used [0x00000000d5c80000,0x00000000d5c80000,0x00000000d5d80000)
 ParOldGen       total 952832K, used 952461K [0x0000000080000000, 0x00000000ba280000, 0x00000000d5580000)
  object space 952832K, 99% used [0x0000000080000000,0x00000000ba223718,0x00000000ba280000)
 Metaspace       used 89271K, committed 91008K, reserved 1179648K
  class space    used 9241K, committed 9984K, reserved 1048576K
}
Event: 209.702 GC heap before
{Heap before GC invocations=1226 (full 4):
 PSYoungGen      total 5120K, used 4564K [0x00000000d5580000, 0x00000000d5d80000, 0x0000000100000000)
  eden space 4096K, 100% used [0x00000000d5580000,0x00000000d5980000,0x00000000d5980000)
  from space 1024K, 45% used [0x00000000d5b80000,0x00000000d5bf5200,0x00000000d5c80000)
  to   space 1024K, 0% used [0x00000000d5c80000,0x00000000d5c80000,0x00000000d5d80000)
 ParOldGen       total 952832K, used 952461K [0x0000000080000000, 0x00000000ba280000, 0x00000000d5580000)
  object space 952832K, 99% used [0x0000000080000000,0x00000000ba223718,0x00000000ba280000)
 Metaspace       used 89271K, committed 91008K, reserved 1179648K
  class space    used 9241K, committed 9984K, reserved 1048576K
}
Event: 209.706 GC heap after
{Heap after GC invocations=1226 (full 4):
 PSYoungGen      total 4608K, used 480K [0x00000000d5580000, 0x00000000d5d00000, 0x0000000100000000)
  eden space 4096K, 0% used [0x00000000d5580000,0x00000000d5580000,0x00000000d5980000)
  from space 512K, 93% used [0x00000000d5c80000,0x00000000d5cf8000,0x00000000d5d00000)
  to   space 512K, 0% used [0x00000000d5c00000,0x00000000d5c00000,0x00000000d5c80000)
 ParOldGen       total 952832K, used 952798K [0x0000000080000000, 0x00000000ba280000, 0x00000000d5580000)
  object space 952832K, 99% used [0x0000000080000000,0x00000000ba277a40,0x00000000ba280000)
 Metaspace       used 89271K, committed 91008K, reserved 1179648K
  class space    used 9241K, committed 9984K, reserved 1048576K
}
Event: 211.074 GC heap before
{Heap before GC invocations=1227 (full 4):
 PSYoungGen      total 4608K, used 4576K [0x00000000d5580000, 0x00000000d5d00000, 0x0000000100000000)
  eden space 4096K, 100% used [0x00000000d5580000,0x00000000d5980000,0x00000000d5980000)
  from space 512K, 93% used [0x00000000d5c80000,0x00000000d5cf8000,0x00000000d5d00000)
  to   space 512K, 0% used [0x00000000d5c00000,0x00000000d5c00000,0x00000000d5c80000)
 ParOldGen       total 952832K, used 952798K [0x0000000080000000, 0x00000000ba280000, 0x00000000d5580000)
  object space 952832K, 99% used [0x0000000080000000,0x00000000ba277a40,0x00000000ba280000)
 Metaspace       used 89271K, committed 91008K, reserved 1179648K
  class space    used 9241K, committed 9984K, reserved 1048576K
}
Event: 211.077 GC heap after
{Heap after GC invocations=1227 (full 4):
 PSYoungGen      total 4608K, used 506K [0x00000000d5580000, 0x00000000d5d00000, 0x0000000100000000)
  eden space 4096K, 0% used [0x00000000d5580000,0x00000000d5580000,0x00000000d5980000)
  from space 512K, 98% used [0x00000000d5c00000,0x00000000d5c7e900,0x00000000d5c80000)
  to   space 512K, 0% used [0x00000000d5c80000,0x00000000d5c80000,0x00000000d5d00000)
 ParOldGen       total 953344K, used 953254K [0x0000000080000000, 0x00000000ba300000, 0x00000000d5580000)
  object space 953344K, 99% used [0x0000000080000000,0x00000000ba2e9a70,0x00000000ba300000)
 Metaspace       used 89271K, committed 91008K, reserved 1179648K
  class space    used 9241K, committed 9984K, reserved 1048576K
}
Event: 211.086 GC heap before
{Heap before GC invocations=1228 (full 4):
 PSYoungGen      total 4608K, used 4602K [0x00000000d5580000, 0x00000000d5d00000, 0x0000000100000000)
  eden space 4096K, 100% used [0x00000000d5580000,0x00000000d5980000,0x00000000d5980000)
  from space 512K, 98% used [0x00000000d5c00000,0x00000000d5c7e900,0x00000000d5c80000)
  to   space 512K, 0% used [0x00000000d5c80000,0x00000000d5c80000,0x00000000d5d00000)
 ParOldGen       total 953344K, used 953254K [0x0000000080000000, 0x00000000ba300000, 0x00000000d5580000)
  object space 953344K, 99% used [0x0000000080000000,0x00000000ba2e9a70,0x00000000ba300000)
 Metaspace       used 89271K, committed 91008K, reserved 1179648K
  class space    used 9241K, committed 9984K, reserved 1048576K
}
Event: 211.089 GC heap after
{Heap after GC invocations=1228 (full 4):
 PSYoungGen      total 4608K, used 384K [0x00000000d5580000, 0x00000000d5d00000, 0x0000000100000000)
  eden space 4096K, 0% used [0x00000000d5580000,0x00000000d5580000,0x00000000d5980000)
  from space 512K, 75% used [0x00000000d5c80000,0x00000000d5ce0000,0x00000000d5d00000)
  to   space 1024K, 0% used [0x00000000d5b00000,0x00000000d5b00000,0x00000000d5c00000)
 ParOldGen       total 953856K, used 953731K [0x0000000080000000, 0x00000000ba380000, 0x00000000d5580000)
  object space 953856K, 99% used [0x0000000080000000,0x00000000ba360d30,0x00000000ba380000)
 Metaspace       used 89271K, committed 91008K, reserved 1179648K
  class space    used 9241K, committed 9984K, reserved 1048576K
}
Event: 211.104 GC heap before
{Heap before GC invocations=1229 (full 4):
 PSYoungGen      total 4608K, used 4480K [0x00000000d5580000, 0x00000000d5d00000, 0x0000000100000000)
  eden space 4096K, 100% used [0x00000000d5580000,0x00000000d5980000,0x00000000d5980000)
  from space 512K, 75% used [0x00000000d5c80000,0x00000000d5ce0000,0x00000000d5d00000)
  to   space 1024K, 0% used [0x00000000d5b00000,0x00000000d5b00000,0x00000000d5c00000)
 ParOldGen       total 953856K, used 953731K [0x0000000080000000, 0x00000000ba380000, 0x00000000d5580000)
  object space 953856K, 99% used [0x0000000080000000,0x00000000ba360d30,0x00000000ba380000)
 Metaspace       used 89271K, committed 91008K, reserved 1179648K
  class space    used 9241K, committed 9984K, reserved 1048576K
}
Event: 214.122 GC heap after
{Heap after GC invocations=1229 (full 4):
 PSYoungGen      total 5120K, used 1004K [0x00000000d5580000, 0x00000000d5d00000, 0x0000000100000000)
  eden space 4096K, 0% used [0x00000000d5580000,0x00000000d5580000,0x00000000d5980000)
  from space 1024K, 98% used [0x00000000d5b00000,0x00000000d5bfb090,0x00000000d5c00000)
  to   space 512K, 0% used [0x00000000d5c80000,0x00000000d5c80000,0x00000000d5d00000)
 ParOldGen       total 956416K, used 956027K [0x0000000080000000, 0x00000000ba600000, 0x00000000d5580000)
  object space 956416K, 99% used [0x0000000080000000,0x00000000ba59ed70,0x00000000ba600000)
 Metaspace       used 89271K, committed 91008K, reserved 1179648K
  class space    used 9241K, committed 9984K, reserved 1048576K
}
Event: 214.137 GC heap before
{Heap before GC invocations=1230 (full 4):
 PSYoungGen      total 5120K, used 5100K [0x00000000d5580000, 0x00000000d5d00000, 0x0000000100000000)
  eden space 4096K, 100% used [0x00000000d5580000,0x00000000d5980000,0x00000000d5980000)
  from space 1024K, 98% used [0x00000000d5b00000,0x00000000d5bfb090,0x00000000d5c00000)
  to   space 512K, 0% used [0x00000000d5c80000,0x00000000d5c80000,0x00000000d5d00000)
 ParOldGen       total 956416K, used 956027K [0x0000000080000000, 0x00000000ba600000, 0x00000000d5580000)
  object space 956416K, 99% used [0x0000000080000000,0x00000000ba59ed70,0x00000000ba600000)
 Metaspace       used 89276K, committed 91008K, reserved 1179648K
  class space    used 9241K, committed 9984K, reserved 1048576K
}
Event: 216.167 GC heap after
{Heap after GC invocations=1230 (full 4):
 PSYoungGen      total 4608K, used 486K [0x00000000d5580000, 0x00000000d5d00000, 0x0000000100000000)
  eden space 4096K, 0% used [0x00000000d5580000,0x00000000d5580000,0x00000000d5980000)
  from space 512K, 94% used [0x00000000d5c80000,0x00000000d5cf9848,0x00000000d5d00000)
  to   space 1024K, 0% used [0x00000000d5b00000,0x00000000d5b00000,0x00000000d5c00000)
 ParOldGen       total 957952K, used 957753K [0x0000000080000000, 0x00000000ba780000, 0x00000000d5580000)
  object space 957952K, 99% used [0x0000000080000000,0x00000000ba74e5b8,0x00000000ba780000)
 Metaspace       used 89276K, committed 91008K, reserved 1179648K
  class space    used 9241K, committed 9984K, reserved 1048576K
}
Event: 216.177 GC heap before
{Heap before GC invocations=1231 (full 4):
 PSYoungGen      total 4608K, used 4582K [0x00000000d5580000, 0x00000000d5d00000, 0x0000000100000000)
  eden space 4096K, 100% used [0x00000000d5580000,0x00000000d5980000,0x00000000d5980000)
  from space 512K, 94% used [0x00000000d5c80000,0x00000000d5cf9848,0x00000000d5d00000)
  to   space 1024K, 0% used [0x00000000d5b00000,0x00000000d5b00000,0x00000000d5c00000)
 ParOldGen       total 957952K, used 957753K [0x0000000080000000, 0x00000000ba780000, 0x00000000d5580000)
  object space 957952K, 99% used [0x0000000080000000,0x00000000ba74e5b8,0x00000000ba780000)
 Metaspace       used 89292K, committed 91072K, reserved 1179648K
  class space    used 9245K, committed 9984K, reserved 1048576K
}
Event: 218.197 GC heap after
{Heap after GC invocations=1231 (full 4):
 PSYoungGen      total 5120K, used 1012K [0x00000000d5580000, 0x00000000d5d00000, 0x0000000100000000)
  eden space 4096K, 0% used [0x00000000d5580000,0x00000000d5580000,0x00000000d5980000)
  from space 1024K, 98% used [0x00000000d5b00000,0x00000000d5bfd200,0x00000000d5c00000)
  to   space 512K, 0% used [0x00000000d5c80000,0x00000000d5c80000,0x00000000d5d00000)
 ParOldGen       total 958976K, used 958657K [0x0000000080000000, 0x00000000ba880000, 0x00000000d5580000)
  object space 958976K, 99% used [0x0000000080000000,0x00000000ba8305b8,0x00000000ba880000)
 Metaspace       used 89292K, committed 91072K, reserved 1179648K
  class space    used 9245K, committed 9984K, reserved 1048576K
}

