# JRE version: OpenJDK Runtime Environment Temurin-21.0.10+7 (21.0.10+7) (build 21.0.10+7-LTS)
# Java VM: OpenJDK 64-Bit Server VM Temurin-21.0.10+7 (21.0.10+7-LTS, mixed mode, sharing, tiered, compressed oops, compressed class ptrs, parallel gc, windows-amd64)
GC Precious Log:
 CardTable entry size: 512
 CPUs: 8 total, 8 available
 Memory: 6030M
 Large Page Support: Disabled
 NUMA Support: Disabled
 Compressed Oops: Enabled (32-bit)
 Alignments: Space 512K, Generation 512K, Heap 2M
 Heap Min Capacity: 100M
 Heap Initial Capacity: 100M
 Heap Max Capacity: 2G
 Pre-touch: Disabled
 Parallel Workers: 8
Heap:
 PSYoungGen      total 9728K, used 9703K [0x00000000d5580000, 0x00000000d6800000, 0x0000000100000000)
  eden space 8192K, 100% used [0x00000000d5580000,0x00000000d5d80000,0x00000000d5d80000)
  from space 1536K, 98% used [0x00000000d6500000,0x00000000d6679d68,0x00000000d6680000)
  to   space 1536K, 0% used [0x00000000d6680000,0x00000000d6680000,0x00000000d6800000)
 ParOldGen       total 925696K, used 258340K [0x0000000080000000, 0x00000000b8800000, 0x00000000d5580000)
  object space 925696K, 27% used [0x0000000080000000,0x000000008fc49348,0x00000000b8800000)
 Metaspace       used 93382K, committed 95296K, reserved 1179648K
  class space    used 9622K, committed 10496K, reserved 1048576K
GC Heap History (20 events):
Event: 664.736 GC heap before
{Heap before GC invocations=1733 (full 5):
 PSYoungGen      total 10752K, used 10619K [0x00000000d5580000, 0x00000000d6600000, 0x0000000100000000)
  eden space 5632K, 97% used [0x00000000d5580000,0x00000000d5adec78,0x00000000d5b00000)
  from space 5120K, 100% used [0x00000000d5b00000,0x00000000d6000000,0x00000000d6000000)
  to   space 5632K, 0% used [0x00000000d6080000,0x00000000d6080000,0x00000000d6600000)
 ParOldGen       total 925696K, used 196654K [0x0000000080000000, 0x00000000b8800000, 0x00000000d5580000)
  object space 925696K, 21% used [0x0000000080000000,0x000000008c00bbb8,0x00000000b8800000)
 Metaspace       used 93362K, committed 95296K, reserved 1179648K
  class space    used 9622K, committed 10496K, reserved 1048576K
}
Event: 664.756 GC heap after
{Heap after GC invocations=1733 (full 5):
 PSYoungGen      total 10752K, used 5048K [0x00000000d5580000, 0x00000000d6580000, 0x0000000100000000)
  eden space 5632K, 0% used [0x00000000d5580000,0x00000000d5580000,0x00000000d5b00000)
  from space 5120K, 98% used [0x00000000d6080000,0x00000000d656e040,0x00000000d6580000)
  to   space 5120K, 0% used [0x00000000d5b00000,0x00000000d5b00000,0x00000000d6000000)
 ParOldGen       total 925696K, used 201654K [0x0000000080000000, 0x00000000b8800000, 0x00000000d5580000)
  object space 925696K, 21% used [0x0000000080000000,0x000000008c4edbb8,0x00000000b8800000)
 Metaspace       used 93362K, committed 95296K, reserved 1179648K
  class space    used 9622K, committed 10496K, reserved 1048576K
}
Event: 664.804 GC heap before
{Heap before GC invocations=1734 (full 5):
 PSYoungGen      total 10752K, used 10680K [0x00000000d5580000, 0x00000000d6580000, 0x0000000100000000)
  eden space 5632K, 100% used [0x00000000d5580000,0x00000000d5b00000,0x00000000d5b00000)
  from space 5120K, 98% used [0x00000000d6080000,0x00000000d656e040,0x00000000d6580000)
  to   space 5120K, 0% used [0x00000000d5b00000,0x00000000d5b00000,0x00000000d6000000)
 ParOldGen       total 925696K, used 201654K [0x0000000080000000, 0x00000000b8800000, 0x00000000d5580000)
  object space 925696K, 21% used [0x0000000080000000,0x000000008c4edbb8,0x00000000b8800000)
 Metaspace       used 93362K, committed 95296K, reserved 1179648K
  class space    used 9622K, committed 10496K, reserved 1048576K
}
Event: 664.828 GC heap after
{Heap after GC invocations=1734 (full 5):
 PSYoungGen      total 10752K, used 4668K [0x00000000d5580000, 0x00000000d6680000, 0x0000000100000000)
  eden space 5632K, 0% used [0x00000000d5580000,0x00000000d5580000,0x00000000d5b00000)
  from space 5120K, 91% used [0x00000000d5b00000,0x00000000d5f8f130,0x00000000d6000000)
  to   space 5120K, 0% used [0x00000000d6180000,0x00000000d6180000,0x00000000d6680000)
 ParOldGen       total 925696K, used 206358K [0x0000000080000000, 0x00000000b8800000, 0x00000000d5580000)
  object space 925696K, 22% used [0x0000000080000000,0x000000008c985bf8,0x00000000b8800000)
 Metaspace       used 93362K, committed 95296K, reserved 1179648K
  class space    used 9622K, committed 10496K, reserved 1048576K
}
Event: 664.911 GC heap before
{Heap before GC invocations=1735 (full 5):
 PSYoungGen      total 10752K, used 10300K [0x00000000d5580000, 0x00000000d6680000, 0x0000000100000000)
  eden space 5632K, 100% used [0x00000000d5580000,0x00000000d5b00000,0x00000000d5b00000)
  from space 5120K, 91% used [0x00000000d5b00000,0x00000000d5f8f130,0x00000000d6000000)
  to   space 5120K, 0% used [0x00000000d6180000,0x00000000d6180000,0x00000000d6680000)
 ParOldGen       total 925696K, used 206358K [0x0000000080000000, 0x00000000b8800000, 0x00000000d5580000)
  object space 925696K, 22% used [0x0000000080000000,0x000000008c985bf8,0x00000000b8800000)
 Metaspace       used 93362K, committed 95296K, reserved 1179648K
  class space    used 9622K, committed 10496K, reserved 1048576K
}
Event: 664.956 GC heap after
{Heap after GC invocations=1735 (full 5):
 PSYoungGen      total 11776K, used 5065K [0x00000000d5580000, 0x00000000d6780000, 0x0000000100000000)
  eden space 6656K, 0% used [0x00000000d5580000,0x00000000d5580000,0x00000000d5c00000)
  from space 5120K, 98% used [0x00000000d6180000,0x00000000d6672680,0x00000000d6680000)
  to   space 5632K, 0% used [0x00000000d5c00000,0x00000000d5c00000,0x00000000d6180000)
 ParOldGen       total 925696K, used 210954K [0x0000000080000000, 0x00000000b8800000, 0x00000000d5580000)
  object space 925696K, 22% used [0x0000000080000000,0x000000008ce02928,0x00000000b8800000)
 Metaspace       used 93362K, committed 95296K, reserved 1179648K
  class space    used 9622K, committed 10496K, reserved 1048576K
}
Event: 664.995 GC heap before
{Heap before GC invocations=1736 (full 5):
 PSYoungGen      total 11776K, used 11721K [0x00000000d5580000, 0x00000000d6780000, 0x0000000100000000)
  eden space 6656K, 100% used [0x00000000d5580000,0x00000000d5c00000,0x00000000d5c00000)
  from space 5120K, 98% used [0x00000000d6180000,0x00000000d6672680,0x00000000d6680000)
  to   space 5632K, 0% used [0x00000000d5c00000,0x00000000d5c00000,0x00000000d6180000)
 ParOldGen       total 925696K, used 210954K [0x0000000080000000, 0x00000000b8800000, 0x00000000d5580000)
  object space 925696K, 22% used [0x0000000080000000,0x000000008ce02928,0x00000000b8800000)
 Metaspace       used 93362K, committed 95296K, reserved 1179648K
  class space    used 9622K, committed 10496K, reserved 1048576K
}
Event: 665.013 GC heap after
{Heap after GC invocations=1736 (full 5):
 PSYoungGen      total 12288K, used 5600K [0x00000000d5580000, 0x00000000d7480000, 0x0000000100000000)
  eden space 6656K, 0% used [0x00000000d5580000,0x00000000d5580000,0x00000000d5c00000)
  from space 5632K, 99% used [0x00000000d5c00000,0x00000000d6178020,0x00000000d6180000)
  to   space 11776K, 0% used [0x00000000d6900000,0x00000000d6900000,0x00000000d7480000)
 ParOldGen       total 925696K, used 215932K [0x0000000080000000, 0x00000000b8800000, 0x00000000d5580000)
  object space 925696K, 23% used [0x0000000080000000,0x000000008d2df2b0,0x00000000b8800000)
 Metaspace       used 93362K, committed 95296K, reserved 1179648K
  class space    used 9622K, committed 10496K, reserved 1048576K
}
Event: 665.408 GC heap before
{Heap before GC invocations=1737 (full 5):
 PSYoungGen      total 12288K, used 12256K [0x00000000d5580000, 0x00000000d7480000, 0x0000000100000000)
  eden space 6656K, 100% used [0x00000000d5580000,0x00000000d5c00000,0x00000000d5c00000)
  from space 5632K, 99% used [0x00000000d5c00000,0x00000000d6178020,0x00000000d6180000)
  to   space 11776K, 0% used [0x00000000d6900000,0x00000000d6900000,0x00000000d7480000)
 ParOldGen       total 925696K, used 246652K [0x0000000080000000, 0x00000000b8800000, 0x00000000d5580000)
  object space 925696K, 26% used [0x0000000080000000,0x000000008f0df2e0,0x00000000b8800000)
 Metaspace       used 93371K, committed 95296K, reserved 1179648K
  class space    used 9622K, committed 10496K, reserved 1048576K
}
Event: 665.427 GC heap after
{Heap after GC invocations=1737 (full 5):
 PSYoungGen      total 11264K, used 2912K [0x00000000d5580000, 0x00000000d6c00000, 0x0000000100000000)
  eden space 8192K, 0% used [0x00000000d5580000,0x00000000d5580000,0x00000000d5d80000)
  from space 3072K, 94% used [0x00000000d6900000,0x00000000d6bd8000,0x00000000d6c00000)
  to   space 6144K, 0% used [0x00000000d6000000,0x00000000d6000000,0x00000000d6600000)
 ParOldGen       total 925696K, used 252260K [0x0000000080000000, 0x00000000b8800000, 0x00000000d5580000)
  object space 925696K, 27% used [0x0000000080000000,0x000000008f659300,0x00000000b8800000)
 Metaspace       used 93371K, committed 95296K, reserved 1179648K
  class space    used 9622K, committed 10496K, reserved 1048576K
}
Event: 665.566 GC heap before
{Heap before GC invocations=1738 (full 5):
 PSYoungGen      total 11264K, used 11104K [0x00000000d5580000, 0x00000000d6c00000, 0x0000000100000000)
  eden space 8192K, 100% used [0x00000000d5580000,0x00000000d5d80000,0x00000000d5d80000)
  from space 3072K, 94% used [0x00000000d6900000,0x00000000d6bd8000,0x00000000d6c00000)
  to   space 6144K, 0% used [0x00000000d6000000,0x00000000d6000000,0x00000000d6600000)
 ParOldGen       total 925696K, used 252260K [0x0000000080000000, 0x00000000b8800000, 0x00000000d5580000)
  object space 925696K, 27% used [0x0000000080000000,0x000000008f659300,0x00000000b8800000)
 Metaspace       used 93376K, committed 95296K, reserved 1179648K
  class space    used 9622K, committed 10496K, reserved 1048576K
}
Event: 665.587 GC heap after
{Heap after GC invocations=1738 (full 5):
 PSYoungGen      total 14336K, used 442K [0x00000000d5580000, 0x00000000d6980000, 0x0000000100000000)
  eden space 8192K, 0% used [0x00000000d5580000,0x00000000d5580000,0x00000000d5d80000)
  from space 6144K, 7% used [0x00000000d6000000,0x00000000d606e900,0x00000000d6600000)
  to   space 2048K, 0% used [0x00000000d6780000,0x00000000d6780000,0x00000000d6980000)
 ParOldGen       total 925696K, used 254980K [0x0000000080000000, 0x00000000b8800000, 0x00000000d5580000)
  object space 925696K, 27% used [0x0000000080000000,0x000000008f901300,0x00000000b8800000)
 Metaspace       used 93376K, committed 95296K, reserved 1179648K
  class space    used 9622K, committed 10496K, reserved 1048576K
}
Event: 665.820 GC heap before
{Heap before GC invocations=1739 (full 5):
 PSYoungGen      total 14336K, used 8634K [0x00000000d5580000, 0x00000000d6980000, 0x0000000100000000)
  eden space 8192K, 100% used [0x00000000d5580000,0x00000000d5d80000,0x00000000d5d80000)
  from space 6144K, 7% used [0x00000000d6000000,0x00000000d606e900,0x00000000d6600000)
  to   space 2048K, 0% used [0x00000000d6780000,0x00000000d6780000,0x00000000d6980000)
 ParOldGen       total 925696K, used 254980K [0x0000000080000000, 0x00000000b8800000, 0x00000000d5580000)
  object space 925696K, 27% used [0x0000000080000000,0x000000008f901300,0x00000000b8800000)
 Metaspace       used 93376K, committed 95296K, reserved 1179648K
  class space    used 9622K, committed 10496K, reserved 1048576K
}
Event: 665.822 GC heap after
{Heap after GC invocations=1739 (full 5):
 PSYoungGen      total 9216K, used 628K [0x00000000d5580000, 0x00000000d6880000, 0x0000000100000000)
  eden space 8192K, 0% used [0x00000000d5580000,0x00000000d5580000,0x00000000d5d80000)
  from space 1024K, 61% used [0x00000000d6780000,0x00000000d681d200,0x00000000d6880000)
  to   space 1024K, 0% used [0x00000000d6680000,0x00000000d6680000,0x00000000d6780000)
 ParOldGen       total 925696K, used 255036K [0x0000000080000000, 0x00000000b8800000, 0x00000000d5580000)
  object space 925696K, 27% used [0x0000000080000000,0x000000008f90f300,0x00000000b8800000)
 Metaspace       used 93376K, committed 95296K, reserved 1179648K
  class space    used 9622K, committed 10496K, reserved 1048576K
}
Event: 666.012 GC heap before
{Heap before GC invocations=1740 (full 5):
 PSYoungGen      total 9216K, used 8820K [0x00000000d5580000, 0x00000000d6880000, 0x0000000100000000)
  eden space 8192K, 99% used [0x00000000d5580000,0x00000000d5d7fff8,0x00000000d5d80000)
  from space 1024K, 61% used [0x00000000d6780000,0x00000000d681d200,0x00000000d6880000)
  to   space 1024K, 0% used [0x00000000d6680000,0x00000000d6680000,0x00000000d6780000)
 ParOldGen       total 925696K, used 255036K [0x0000000080000000, 0x00000000b8800000, 0x00000000d5580000)
  object space 925696K, 27% used [0x0000000080000000,0x000000008f90f300,0x00000000b8800000)
 Metaspace       used 93378K, committed 95296K, reserved 1179648K
  class space    used 9622K, committed 10496K, reserved 1048576K
}
Event: 666.016 GC heap after
{Heap after GC invocations=1740 (full 5):
 PSYoungGen      total 9216K, used 756K [0x00000000d5580000, 0x00000000d6800000, 0x0000000100000000)
  eden space 8192K, 0% used [0x00000000d5580000,0x00000000d5580000,0x00000000d5d80000)
  from space 1024K, 73% used [0x00000000d6680000,0x00000000d673d200,0x00000000d6780000)
  to   space 512K, 0% used [0x00000000d6780000,0x00000000d6780000,0x00000000d6800000)
 ParOldGen       total 925696K, used 255060K [0x0000000080000000, 0x00000000b8800000, 0x00000000d5580000)
  object space 925696K, 27% used [0x0000000080000000,0x000000008f915300,0x00000000b8800000)
 Metaspace       used 93378K, committed 95296K, reserved 1179648K
  class space    used 9622K, committed 10496K, reserved 1048576K
}
Event: 666.051 GC heap before
{Heap before GC invocations=1741 (full 5):
 PSYoungGen      total 9216K, used 8948K [0x00000000d5580000, 0x00000000d6800000, 0x0000000100000000)
  eden space 8192K, 100% used [0x00000000d5580000,0x00000000d5d80000,0x00000000d5d80000)
  from space 1024K, 73% used [0x00000000d6680000,0x00000000d673d200,0x00000000d6780000)
  to   space 512K, 0% used [0x00000000d6780000,0x00000000d6780000,0x00000000d6800000)
 ParOldGen       total 925696K, used 255060K [0x0000000080000000, 0x00000000b8800000, 0x00000000d5580000)
  object space 925696K, 27% used [0x0000000080000000,0x000000008f915300,0x00000000b8800000)
 Metaspace       used 93379K, committed 95296K, reserved 1179648K
  class space    used 9622K, committed 10496K, reserved 1048576K
}
Event: 666.056 GC heap after
{Heap after GC invocations=1741 (full 5):
 PSYoungGen      total 8704K, used 500K [0x00000000d5580000, 0x00000000d6800000, 0x0000000100000000)
  eden space 8192K, 0% used [0x00000000d5580000,0x00000000d5580000,0x00000000d5d80000)
  from space 512K, 97% used [0x00000000d6780000,0x00000000d67fd200,0x00000000d6800000)
  to   space 1536K, 0% used [0x00000000d6500000,0x00000000d6500000,0x00000000d6680000)
 ParOldGen       total 925696K, used 255977K [0x0000000080000000, 0x00000000b8800000, 0x00000000d5580000)
  object space 925696K, 27% used [0x0000000080000000,0x000000008f9fa540,0x00000000b8800000)
 Metaspace       used 93379K, committed 95296K, reserved 1179648K
  class space    used 9622K, committed 10496K, reserved 1048576K
}
Event: 666.277 GC heap before
{Heap before GC invocations=1742 (full 5):
 PSYoungGen      total 8704K, used 8692K [0x00000000d5580000, 0x00000000d6800000, 0x0000000100000000)
  eden space 8192K, 100% used [0x00000000d5580000,0x00000000d5d80000,0x00000000d5d80000)
  from space 512K, 97% used [0x00000000d6780000,0x00000000d67fd200,0x00000000d6800000)
  to   space 1536K, 0% used [0x00000000d6500000,0x00000000d6500000,0x00000000d6680000)
 ParOldGen       total 925696K, used 255977K [0x0000000080000000, 0x00000000b8800000, 0x00000000d5580000)
  object space 925696K, 27% used [0x0000000080000000,0x000000008f9fa540,0x00000000b8800000)
 Metaspace       used 93382K, committed 95296K, reserved 1179648K
  class space    used 9622K, committed 10496K, reserved 1048576K
}
Event: 666.289 GC heap after
{Heap after GC invocations=1742 (full 5):
 PSYoungGen      total 9728K, used 1511K [0x00000000d5580000, 0x00000000d6800000, 0x0000000100000000)
  eden space 8192K, 0% used [0x00000000d5580000,0x00000000d5580000,0x00000000d5d80000)
  from space 1536K, 98% used [0x00000000d6500000,0x00000000d6679d68,0x00000000d6680000)
  to   space 1536K, 0% used [0x00000000d6680000,0x00000000d6680000,0x00000000d6800000)
 ParOldGen       total 925696K, used 258340K [0x0000000080000000, 0x00000000b8800000, 0x00000000d5580000)
  object space 925696K, 27% used [0x0000000080000000,0x000000008fc49348,0x00000000b8800000)
 Metaspace       used 93382K, committed 95296K, reserved 1179648K
  class space    used 9622K, committed 10496K, reserved 1048576K
}

